[1m========================================== test session starts ===========================================[0m
platform darwin -- Python 3.13.5, pytest-8.4.1, pluggy-1.6.0 -- /opt/anaconda3/envs/mlflow-679fd1c82fbb721b6cda284a11a5a716ba912909/bin/python3.13
cachedir: .pytest_cache
rootdir: /Users/abdulazizalmoafa/Documents/mlops/02/ex10-git/genre_classification/check_data
collected 4 items                                                                                        [0m[1m

test_data.py::test_column_presence_and_type [32mPASSED[0m
test_data.py::test_class_names [32mPASSED[0m
test_data.py::test_column_ranges [32mPASSED[0m
test_data.py::test_kolmogorov_smirnov [31mFAILED[0m

================================================ FAILURES ================================================
[31m[1m________________________________________ test_kolmogorov_smirnov _________________________________________[0m

data = (       Unnamed: 0  ...                                    text_feature
0               0  ...                        ... Euphoric Hardstyle
41974       41974  ...                         Best of Hardstyle 2020

[41975 rows x 19 columns])
ks_alpha = 0.05

    [0m[94mdef[39;49;00m[90m [39;49;00m[92mtest_kolmogorov_smirnov[39;49;00m(data, ks_alpha):[90m[39;49;00m
        sample1, sample2 = data[90m[39;49;00m
    [90m[39;49;00m
        columns = [[90m[39;49;00m
            [33m"[39;49;00m[33mdanceability[39;49;00m[33m"[39;49;00m,[90m[39;49;00m
            [33m"[39;49;00m[33menergy[39;49;00m[33m"[39;49;00m,[90m[39;49;00m
            [33m"[39;49;00m[33mloudness[39;49;00m[33m"[39;49;00m,[90m[39;49;00m
            [33m"[39;49;00m[33mspeechiness[39;49;00m[33m"[39;49;00m,[90m[39;49;00m
            [33m"[39;49;00m[33macousticness[39;49;00m[33m"[39;49;00m,[90m[39;49;00m
            [33m"[39;49;00m[33minstrumentalness[39;49;00m[33m"[39;49;00m,[90m[39;49;00m
            [33m"[39;49;00m[33mliveness[39;49;00m[33m"[39;49;00m,[90m[39;49;00m
            [33m"[39;49;00m[33mvalence[39;49;00m[33m"[39;49;00m,[90m[39;49;00m
            [33m"[39;49;00m[33mtempo[39;49;00m[33m"[39;49;00m,[90m[39;49;00m
            [33m"[39;49;00m[33mduration_ms[39;49;00m[33m"[39;49;00m,[90m[39;49;00m
        ][90m[39;49;00m
    [90m[39;49;00m
        alpha_prime = [94m1[39;49;00m - ([94m1[39;49;00m - ks_alpha) ** ([94m1[39;49;00m / [96mlen[39;49;00m(columns))[90m[39;49;00m
    [90m[39;49;00m
        [94mfor[39;49;00m col [95min[39;49;00m columns:[90m[39;49;00m
>           s1 = pd.to_numeric(sample1[col], errors=[33m"[39;49;00m[33mcoerce[39;49;00m[33m"[39;49;00m).replace([np.inf, -np.inf], np.nan).dropna()[90m[39;49;00m
                                                                       ^^[90m[39;49;00m
[1m[31mE           NameError: name 'np' is not defined[0m

[1m[31mtest_data.py[0m:109: NameError
[33m============================================ warnings summary ============================================[0m
../../../../../../../../opt/anaconda3/envs/mlflow-679fd1c82fbb721b6cda284a11a5a716ba912909/lib/python3.13/site-packages/wandb/analytics/sentry.py:263
../../../../../../../../opt/anaconda3/envs/mlflow-679fd1c82fbb721b6cda284a11a5a716ba912909/lib/python3.13/site-packages/wandb/analytics/sentry.py:263
  /opt/anaconda3/envs/mlflow-679fd1c82fbb721b6cda284a11a5a716ba912909/lib/python3.13/site-packages/wandb/analytics/sentry.py:263: DeprecationWarning: The `Scope.user` setter is deprecated in favor of `Scope.set_user()`.
    self.scope.user = {"email": email}

-- Docs: https://docs.pytest.org/en/stable/how-to/capture-warnings.html
[36m[1m======================================== short test summary info =========================================[0m
[31mFAILED[0m test_data.py::[1mtest_kolmogorov_smirnov[0m - NameError: name 'np' is not defined
[31m================================ [31m[1m1 failed[0m, [32m3 passed[0m, [33m2 warnings[0m[31m in 10.36s[0m[31m ================================[0m
